<?xml version="1.0" encoding="UTF-8"?>
<testsuite xmlns:xsi="http://www.w3.org/2001/XMLSchema-instance" xsi:noNamespaceSchemaLocation="https://maven.apache.org/surefire/maven-surefire-plugin/xsd/surefire-test-report-3.0.xsd" version="3.0" name="service.domain.BookRepositoryJdbcTests" time="5.421" tests="6" errors="0" skipped="0" failures="0">
  <properties>
[...]
</properties>
  <testcase name="findBookByIsbnWhenNotExisting" classname="service.domain.BookRepositoryJdbcTests" time="1.038">
    <system-out><![CDATA[08:53:51.834 [main] INFO org.springframework.test.context.support.AnnotationConfigContextLoaderUtils -- Could not detect default configuration classes for test class [service.domain.BookRepositoryJdbcTests]: BookRepositoryJdbcTests does not declare any static, non-private, non-final, nested classes annotated with @Configuration.
08:53:52.138 [main] INFO org.springframework.boot.test.context.SpringBootTestContextBootstrapper -- Found @SpringBootConfiguration service.Starter for test class service.domain.BookRepositoryJdbcTests

  .   ____          _            __ _ _
 /\\ / ___'_ __ _ _(_)_ __  __ _ \ \ \ \
( ( )\___ | '_ | '_| | '_ \/ _` | \ \ \ \
 \\/  ___)| |_)| | | | | || (_| |  ) ) ) )
  '  |____| .__|_| |_|_| |_\__, | / / / /
 =========|_|==============|___/=/_/_/_/
 :: Spring Boot ::                (v3.2.1)

2024-09-06T08:53:53.438-04:00  INFO 62624 --- [catalog-service] [           main] service.domain.BookRepositoryJdbcTests   : Starting BookRepositoryJdbcTests using Java 17.0.1 with PID 62624 (started by mark in /Users/mark/polar-service)
2024-09-06T08:53:53.439-04:00  INFO 62624 --- [catalog-service] [           main] service.domain.BookRepositoryJdbcTests   : The following 1 profile is active: "integration"
2024-09-06T08:53:53.479-04:00  INFO 62624 --- [catalog-service] [           main] o.s.c.c.c.ConfigServerConfigDataLoader   : Fetching config from server at : http://localhost:8888
2024-09-06T08:53:53.480-04:00  INFO 62624 --- [catalog-service] [           main] o.s.c.c.c.ConfigServerConfigDataLoader   : Exception on Url - http://localhost:8888:org.springframework.web.client.ResourceAccessException: I/O error on GET request for "http://localhost:8888/catalog-service/default": Connection refused. Will be trying the next url if available
2024-09-06T08:53:53.480-04:00  WARN 62624 --- [catalog-service] [           main] o.s.c.c.c.ConfigServerConfigDataLoader   : Could not locate PropertySource ([ConfigServerConfigDataResource@36fcf6c0 uris = array<String>['http://localhost:8888'], optional = true, profiles = 'default']): I/O error on GET request for "http://localhost:8888/catalog-service/default": Connection refused
2024-09-06T08:53:53.480-04:00  INFO 62624 --- [catalog-service] [           main] o.s.c.c.c.ConfigServerConfigDataLoader   : Fetching config from server at : http://localhost:8888
2024-09-06T08:53:53.480-04:00  INFO 62624 --- [catalog-service] [           main] o.s.c.c.c.ConfigServerConfigDataLoader   : Exception on Url - http://localhost:8888:org.springframework.web.client.ResourceAccessException: I/O error on GET request for "http://localhost:8888/catalog-service/integration": Connection refused. Will be trying the next url if available
2024-09-06T08:53:53.480-04:00  WARN 62624 --- [catalog-service] [           main] o.s.c.c.c.ConfigServerConfigDataLoader   : Could not locate PropertySource ([ConfigServerConfigDataResource@9d7ccfe uris = array<String>['http://localhost:8888'], optional = true, profiles = 'integration']): I/O error on GET request for "http://localhost:8888/catalog-service/integration": Connection refused
2024-09-06T08:53:53.480-04:00  INFO 62624 --- [catalog-service] [           main] o.s.c.c.c.ConfigServerConfigDataLoader   : Fetching config from server at : http://localhost:8888
2024-09-06T08:53:53.481-04:00  INFO 62624 --- [catalog-service] [           main] o.s.c.c.c.ConfigServerConfigDataLoader   : Exception on Url - http://localhost:8888:org.springframework.web.client.ResourceAccessException: I/O error on GET request for "http://localhost:8888/catalog-service/default": Connection refused. Will be trying the next url if available
2024-09-06T08:53:53.481-04:00  WARN 62624 --- [catalog-service] [           main] o.s.c.c.c.ConfigServerConfigDataLoader   : Could not locate PropertySource ([ConfigServerConfigDataResource@670ce331 uris = array<String>['http://localhost:8888'], optional = true, profiles = 'default']): I/O error on GET request for "http://localhost:8888/catalog-service/default": Connection refused
2024-09-06T08:53:54.129-04:00  INFO 62624 --- [catalog-service] [           main] .s.d.r.c.RepositoryConfigurationDelegate : Bootstrapping Spring Data JDBC repositories in DEFAULT mode.
2024-09-06T08:53:54.250-04:00  INFO 62624 --- [catalog-service] [           main] .s.d.r.c.RepositoryConfigurationDelegate : Finished Spring Data repository scanning in 117 ms. Found 1 JDBC repository interface.
2024-09-06T08:53:54.682-04:00  INFO 62624 --- [catalog-service] [           main] com.zaxxer.hikari.HikariDataSource       : HikariPool-1 - Starting...
2024-09-06T08:53:54.983-04:00  INFO 62624 --- [catalog-service] [           main] com.zaxxer.hikari.pool.HikariPool        : HikariPool-1 - Added connection org.postgresql.jdbc.PgConnection@2afdf6b7
2024-09-06T08:53:54.985-04:00  INFO 62624 --- [catalog-service] [           main] com.zaxxer.hikari.HikariDataSource       : HikariPool-1 - Start completed.
2024-09-06T08:53:55.640-04:00  INFO 62624 --- [catalog-service] [           main] service.domain.BookRepositoryJdbcTests   : Started BookRepositoryJdbcTests in 3.399 seconds (process running for 4.979)
]]></system-out>
  </testcase>
  <testcase name="existsByIsbnWhenExisting" classname="service.domain.BookRepositoryJdbcTests" time="0.12"/>
  <testcase name="deleteByIsbn" classname="service.domain.BookRepositoryJdbcTests" time="0.055"/>
  <testcase name="findBookByIsbnWhenExisting" classname="service.domain.BookRepositoryJdbcTests" time="0.033"/>
  <testcase name="existsByIsbnWhenNotExisting" classname="service.domain.BookRepositoryJdbcTests" time="0.012"/>
  <testcase name="findAllBooks" classname="service.domain.BookRepositoryJdbcTests" time="0.041"/>
</testsuite>